<?xml version="1.0" encoding="UTF-8"?>
<!-- Generated by org.testng.reporters.JUnitXMLReporter -->
<testsuite ignored="2" hostname="LAPTOP-N3B9BISG" failures="0" tests="1" name="SanityTest" time="10.201" errors="0" timestamp="2025-07-28T17:25:12 IST">
  <testcase classname="testCases.TC_002LoginTest" name="verify_login" time="1.405"/>
  <testcase classname="testCases.TC_001AccountRegistration" name="accountReg" time="0.0">
    <ignored/>
  </testcase> <!-- accountReg -->
  <testcase classname="testCases.TC003_LoginDDT" name="verify_login" time="0.0">
    <ignored/>
  </testcase> <!-- verify_login -->
</testsuite> <!-- SanityTest -->
